2020-01-06 20:11:33 | [INFO]    | Discordia 2.8.0
2020-01-06 20:11:33 | [INFO]    | Connecting to Discord...
2020-01-06 20:11:34 | [INFO]    | Authenticated as BonkBot#2594
2020-01-06 20:11:34 | [INFO]    | Launching shard 0 (1 out of 1)...
2020-01-06 20:11:34 | [INFO]    | Shard 0 : Connected to wss://gateway.discord.gg
2020-01-06 20:11:34 | [INFO]    | Shard 0 : Received HELLO
2020-01-06 20:11:34 | [INFO]    | Shard 0 : Received READY
2020-01-06 20:11:51 | [INFO]    | Discordia 2.8.0
2020-01-06 20:11:51 | [INFO]    | Connecting to Discord...
2020-01-06 20:11:51 | [INFO]    | Authenticated as BonkBot#2594
2020-01-06 20:11:51 | [INFO]    | Launching shard 0 (1 out of 1)...
2020-01-06 20:11:51 | [INFO]    | Shard 0 : Connected to wss://gateway.discord.gg
2020-01-06 20:11:51 | [INFO]    | Shard 0 : Received HELLO
2020-01-06 20:11:52 | [INFO]    | Shard 0 : Received READY
2020-01-06 20:12:15 | [INFO]    | Discordia 2.8.0
2020-01-06 20:12:15 | [INFO]    | Connecting to Discord...
2020-01-06 20:12:16 | [INFO]    | Authenticated as BonkBot#2594
2020-01-06 20:12:16 | [INFO]    | Launching shard 0 (1 out of 1)...
2020-01-06 20:12:16 | [INFO]    | Shard 0 : Connected to wss://gateway.discord.gg
2020-01-06 20:12:16 | [INFO]    | Shard 0 : Received HELLO
2020-01-06 20:12:16 | [INFO]    | Shard 0 : Received READY
2020-01-06 20:12:31 | [INFO]    | Discordia 2.8.0
2020-01-06 20:12:31 | [INFO]    | Connecting to Discord...
2020-01-06 20:12:31 | [INFO]    | Authenticated as BonkBot#2594
2020-01-06 20:12:31 | [INFO]    | Launching shard 0 (1 out of 1)...
2020-01-06 20:12:31 | [INFO]    | Shard 0 : Connected to wss://gateway.discord.gg
2020-01-06 20:12:31 | [INFO]    | Shard 0 : Received HELLO
2020-01-06 20:12:32 | [INFO]    | Shard 0 : Received READY
2020-01-06 20:14:31 | [INFO]    | Discordia 2.8.0
2020-01-06 20:14:31 | [INFO]    | Connecting to Discord...
2020-01-06 20:14:31 | [INFO]    | Authenticated as BonkBot#2594
2020-01-06 20:14:31 | [INFO]    | Launching shard 0 (1 out of 1)...
2020-01-06 20:14:31 | [INFO]    | Shard 0 : Connected to wss://gateway.discord.gg
2020-01-06 20:14:31 | [INFO]    | Shard 0 : Received HELLO
2020-01-06 20:14:31 | [INFO]    | Shard 0 : Received READY
2020-01-06 20:15:48 | [INFO]    | Discordia 2.8.0
2020-01-06 20:15:48 | [INFO]    | Connecting to Discord...
2020-01-06 20:15:49 | [INFO]    | Authenticated as BonkBot#2594
2020-01-06 20:15:49 | [INFO]    | Launching shard 0 (1 out of 1)...
2020-01-06 20:15:49 | [INFO]    | Shard 0 : Connected to wss://gateway.discord.gg
2020-01-06 20:15:49 | [INFO]    | Shard 0 : Received HELLO
2020-01-06 20:15:49 | [INFO]    | Shard 0 : Received READY
2020-01-06 20:17:00 | [INFO]    | Discordia 2.8.0
2020-01-06 20:17:00 | [INFO]    | Connecting to Discord...
2020-01-06 20:17:01 | [INFO]    | Authenticated as BonkBot#2594
2020-01-06 20:17:01 | [INFO]    | Launching shard 0 (1 out of 1)...
2020-01-06 20:17:01 | [INFO]    | Shard 0 : Connected to wss://gateway.discord.gg
2020-01-06 20:17:01 | [INFO]    | Shard 0 : Received HELLO
2020-01-06 20:17:01 | [INFO]    | Shard 0 : Received READY
2020-01-06 20:21:02 | [INFO]    | Discordia 2.8.0
2020-01-06 20:21:02 | [INFO]    | Connecting to Discord...
2020-01-06 20:21:03 | [INFO]    | Authenticated as BonkBot#2594
2020-01-06 20:21:03 | [INFO]    | Launching shard 0 (1 out of 1)...
2020-01-06 20:21:03 | [INFO]    | Shard 0 : Connected to wss://gateway.discord.gg
2020-01-06 20:21:03 | [INFO]    | Shard 0 : Received HELLO
2020-01-06 20:21:05 | [INFO]    | Shard 0 : Received READY
2020-01-06 20:21:51 | [INFO]    | Discordia 2.8.0
2020-01-06 20:21:51 | [INFO]    | Connecting to Discord...
2020-01-06 20:21:51 | [INFO]    | Authenticated as BonkBot#2594
2020-01-06 20:21:51 | [INFO]    | Launching shard 0 (1 out of 1)...
2020-01-06 20:21:52 | [INFO]    | Shard 0 : Connected to wss://gateway.discord.gg
2020-01-06 20:21:52 | [INFO]    | Shard 0 : Received HELLO
2020-01-06 20:21:52 | [INFO]    | Shard 0 : Received READY
